2025-04-05 15:49:26,231 - INFO - Created machine: liem (windows, 78 CPUs, 4 GB RAM)
2025-04-05 20:26:38,295 - INFO - Created machine: liem (linux, 10 CPUs, 8 GB RAM)
2025-04-06 16:30:03,400 - INFO - Created machine: liem (windows, 11 CPUs, 8 GB RAM)
2025-04-10 11:04:52,601 - INFO - Created machine: liem (windows, 10 CPUs, 8 GB RAM)
2025-04-10 11:11:35,233 - INFO - Created machine: liem (windows, 10 CPUs, 24 GB RAM)
2025-04-10 11:13:17,525 - INFO - Created machine: liem (windows, 10 CPUs, 24 GB RAM)
2025-04-10 11:13:21,025 - ERROR - \u274c Nginx installation failed: /bin/bash: scripts/install_nginx.sh: No such file or directory

2025-04-10 11:16:45,215 - INFO - Created machine: liem (windows, 10 CPUs, 2 GB RAM)
2025-04-10 11:16:48,336 - ERROR - \u274c Nginx installation failed: /bin/bash: scripts/install_nginx.sh: No such file or directory

2025-04-10 11:24:21,088 - INFO - Created machine: & d:/downloads/Liem-Devops/.venv/Scripts/python.exe d:/downloads/Liem-Devops/LiemProject/vmauto.py (windows, 10 CPUs, 234 GB RAM)
2025-04-10 11:32:41,013 - INFO - Created machine: liiem (windows, 10 CPUs, 23 GB RAM)
2025-04-10 11:32:44,741 - ERROR - \u274c Simulated Nginx installation failed: /bin/bash: scripts/install_nginx.sh: No such file or directory

2025-04-10 11:34:04,292 - ERROR - \u274c Simulated Nginx installation failed: /bin/bash: scripts/install_nginx.sh: No such file or directory

2025-04-10 11:34:22,420 - INFO - Created machine: sdasd (linux, 10 CPUs, 23 GB RAM)
2025-04-10 11:34:24,511 - ERROR - \u274c Simulated Nginx installation failed: /bin/bash: scripts/install_nginx.sh: No such file or directory

2025-04-10 11:36:50,267 - INFO - Created machine: sdasd (windows, 123 CPUs, 12 GB RAM)
2025-04-10 11:36:53,482 - INFO - \u2705 Simulated Nginx installation completed successfully.
2025-04-10 11:39:17,827 - INFO - Created machine: sdasd (windows, 123 CPUs, 12 GB RAM)
2025-04-10 11:39:21,100 - INFO - \u2705 Simulated Nginx installation completed successfully.
2025-04-10 11:40:16,790 - INFO - Created machine: sda (windows, 12 CPUs, 12 GB RAM)
2025-04-10 11:40:18,885 - INFO - \u2705 Simulated Nginx installation completed successfully.
2025-04-10 11:43:17,571 - INFO - \u2705 Simulated Nginx installation completed successfully.
2025-04-10 11:43:32,107 - INFO - Created machine: liem (windows, 10 CPUs, 22 GB RAM)
2025-04-10 11:43:32,230 - ERROR - \u274c Simulated Nginx installation failed: /bin/bash: scripts/install_nginx.sh: No such file or directory

2025-04-10 20:44:26,879 - ERROR - ❌ Simulated Nginx installation failed: bash: scripts/install_nginx.sh: No such file or directory

2025-04-10 20:44:46,645 - INFO - Created machine: liem (windows, 10 CPUs, 23 GB RAM)
2025-04-10 20:44:46,659 - ERROR - ❌ Simulated Nginx installation failed: bash: scripts/install_nginx.sh: No such file or directory

2025-04-10 21:06:13,310 - ERROR - ❌ Simulated Nginx installation failed: bash: scripts/install_nginx.sh: No such file or directory

2025-04-10 21:07:14,306 - INFO - Created machine: liem (windows, 10 CPUs, 2 GB RAM)
2025-04-10 21:07:14,328 - INFO - ✅ Simulated Nginx installation completed successfully.
2025-04-10 21:13:06,787 - INFO - ✅ Simulated Nginx installation completed successfully.
2025-04-10 21:13:28,276 - INFO - Created machine: liem levy (windows, 10 CPUs, 23 GB RAM)
2025-04-10 21:13:40,392 - INFO - ✅ Simulated Nginx installation completed successfully.
2025-04-10 21:14:54,321 - INFO - Created machine: liem (windows, 10 CPUs, 23 GB RAM)
2025-04-10 21:15:09,402 - INFO - ✅ Simulated Nginx installation completed successfully.
2025-04-10 21:19:44,988 - INFO - Created machine: liem (windows, 19 CPUs, 23 GB RAM)
2025-04-10 21:19:59,701 - INFO - ✅ Simulated Nginx installation completed successfully.
2025-04-10 21:28:08,330 - INFO - Created machine: liem (windows, 10 CPUs, 23 GB RAM)
2025-04-10 21:28:23,426 - INFO - ✅ Simulated Nginx installation completed successfully.
2025-04-10 21:30:59,349 - INFO - Created machine: liem (windows, 11 CPUs, 23 GB RAM)
2025-04-10 21:30:59,369 - INFO - ✅ Simulated Nginx installation completed successfully.
2025-04-10 21:34:11,727 - INFO - Created machine: liem (windows, 122 CPUs, 12 GB RAM)
2025-04-10 21:34:17,280 - INFO - ✅ Simulated Nginx installation completed successfully.
2025-04-10 21:37:12,929 - INFO - Created machine: liem (windows, 12 CPUs, 12 GB RAM)
2025-04-10 21:37:12,949 - INFO - [✔] בודק אם Nginx מותקן...

2025-04-10 21:37:13,461 - INFO - [i] Nginx לא מותקן. מדמה התקנה...

2025-04-10 21:37:18,477 - INFO - [✔] sudo apt update

2025-04-10 21:37:18,478 - INFO - [✔] sudo apt install -y nginx

2025-04-10 21:37:18,478 - INFO - [✔] sudo systemctl start nginx

2025-04-10 21:37:18,478 - INFO - [✔] sudo systemctl enable nginx

2025-04-10 21:37:18,478 - INFO - [✔] בדיקת סטטוס: Nginx פועל בהצלחה

2025-04-10 21:37:18,479 - INFO - ✅ Simulated Nginx installation completed successfully.
2025-04-10 21:42:55,951 - INFO - Created machine: liem levy (windows, 12 CPUs, 1 GB RAM)
2025-04-10 21:42:55,971 - INFO - [✔] Checking if Nginx is installed...

2025-04-10 21:42:55,978 - INFO - [i] Nginx is not installed. Simulating installation...

2025-04-10 21:42:55,978 - INFO - [✔] sudo apt update

2025-04-10 21:42:56,988 - INFO - [✔] sudo apt install -y nginx

2025-04-10 21:42:59,005 - INFO - [✔] sudo systemctl start nginx

2025-04-10 21:43:02,024 - INFO - [✔] sudo systemctl enable nginx

2025-04-10 21:43:06,041 - INFO - [✔] sudo systemctl status nginx

2025-04-10 21:43:11,059 - INFO - [✔] Status: Nginx is running successfully

2025-04-10 21:43:11,060 - ERROR - LiemProject/scripts/install_nginx.sh: line 8: dpkg: command not found

2025-04-10 21:43:11,060 - INFO - ✅ Simulated Nginx installation completed successfully.
2025-04-10 21:46:08,568 - INFO - Created machine: dfsdf (windows, 12 CPUs, 12 GB RAM)
2025-04-10 21:46:08,582 - INFO - [✔] Checking if Nginx is installed...

2025-04-10 21:46:08,588 - INFO - [i] Nginx is not installed. Simulating installation...

2025-04-10 21:46:08,588 - INFO - [✔] sudo apt update

2025-04-10 21:46:09,598 - INFO - [✔] sudo apt install -y nginx

2025-04-10 21:46:11,608 - INFO - [✔] sudo systemctl start nginx

2025-04-10 21:46:14,627 - INFO - [✔] sudo systemctl enable nginx

2025-04-10 21:46:18,644 - INFO - [✔] sudo systemctl status nginx

2025-04-10 21:46:23,662 - INFO - [✔] Status: Nginx is running successfully

2025-04-10 21:46:23,663 - INFO - ✅ Simulated Nginx installation completed successfully.
2025-04-11 07:23:42,451 - INFO - Created machine: ramil (windows, 10 CPUs, 8 GB RAM)
2025-04-11 07:23:42,472 - INFO - [✔] Checking if Nginx is installed...

2025-04-11 07:23:42,483 - INFO - [i] Nginx is not installed. Simulating installation...

2025-04-11 07:23:42,483 - INFO - [✔] sudo apt update

2025-04-11 07:23:43,493 - INFO - [✔] sudo apt install -y nginx

2025-04-11 07:23:45,503 - INFO - [✔] sudo systemctl start nginx

2025-04-11 07:23:48,523 - INFO - [✔] sudo systemctl enable nginx

2025-04-11 07:23:52,543 - INFO - [✔] sudo systemctl status nginx

2025-04-11 07:23:57,559 - INFO - [✔] Status: Nginx is running successfully

2025-04-11 07:23:57,559 - INFO - ✅ Simulated Nginx installation completed successfully.
2025-04-11 07:46:45,417 - INFO - Created machine: liem (windows, 10 CPUs, 23 GB RAM)
2025-04-11 07:47:00,521 - INFO - ✅ Simulated Nginx installation completed successfully.
2025-04-11 07:49:23,665 - INFO - Created machine: dfsf (windows, 12 CPUs, 1 GB RAM)
2025-04-11 07:49:38,765 - INFO - ✅ Simulated Nginx installation completed successfully.
2025-04-12 12:31:00,056 - INFO - Created machine: liem (windows, 123 CPUs, 12 GB RAM)
2025-04-12 12:31:15,156 - INFO - ✅ Simulated Nginx installation completed successfully.
2025-04-12 12:39:55,923 - INFO - Created machine: fdgdfg (windows, 123 CPUs, 23 GB RAM)
2025-04-12 12:40:11,020 - INFO - ✅ Simulated Nginx installation completed successfully.
2025-04-12 12:46:25,573 - INFO - Created machine: liem (windows, 123 CPUs, 12 GB RAM)
2025-04-12 12:46:40,667 - INFO - ✅ Simulated Nginx installation completed successfully.
2025-04-12 12:50:28,564 - INFO - Created machine: liem (windows, 123 CPUs, 12 GB RAM)
2025-04-12 12:50:43,658 - INFO - ✅ Simulated Nginx installation completed successfully.
2025-04-12 12:55:40,771 - INFO - Created machine: liem (windows, 123 CPUs, 12 GB RAM)
2025-04-12 12:55:55,870 - INFO - ✅ Simulated Nginx installation completed successfully.
2025-04-12 12:56:17,325 - INFO - Created machine: liem (windows, 123 CPUs, 12 GB RAM)
2025-04-12 12:56:32,431 - INFO - ✅ Simulated Nginx installation completed successfully.
2025-04-12 12:58:02,291 - INFO - Created machine: liem (windows, 123 CPUs, 12 GB RAM)
2025-04-12 12:58:17,381 - INFO - ✅ Simulated Nginx installation completed successfully.
2025-04-12 13:00:09,080 - INFO - Created machine: liem (windows, 123 CPUs, 12 GB RAM)
2025-04-12 13:00:24,188 - INFO - ✅ Simulated Nginx installation completed successfully.
2025-04-12 13:00:54,308 - INFO - Created machine: efwe (windows, 123 CPUs, 12 GB RAM)
2025-04-12 13:01:09,394 - INFO - ✅ Simulated Nginx installation completed successfully.
2025-04-12 13:06:43,604 - INFO - Created machine: server liem (linux, 10 CPUs, 4 GB RAM)
2025-04-12 13:06:58,700 - INFO - ✅ Simulated Nginx installation completed successfully.
2025-04-12 13:26:24,480 - INFO - Created machine: liem (windows, 123 CPUs, 12 GB RAM)
2025-04-12 13:26:39,575 - INFO - ✅ Simulated Nginx installation completed successfully.
